<?xml version="1.0" encoding="UTF-8"?>
<!-- Generated by org.testng.reporters.JUnitXMLReporter -->
<testsuite ignored="6" hostname="DESKTOP-U2Q1PT6" failures="0" tests="2" name="Test" time="75.72" errors="0" timestamp="2024-08-11T22:25:09 IST">
  <testcase classname="com.comcast.crm.OrgSuit.Organization" name="CreateOrganizationWithPhoneNumberTest3" time="24.611"/>
  <testcase classname="com.comcast.crm.ContSuit.Contact" name="CreateContactWithSupportDateTest" time="24.115"/>
  <testcase classname="com.comcast.crm.ContSuit.Contact" name="createContactTest" time="0.0">
    <ignored/>
  </testcase> <!-- createContactTest -->
  <testcase classname="com.comcast.crm.OrgSuit.Organization" name="CreateOrganizationWithIndustryTest2" time="0.0">
    <ignored/>
  </testcase> <!-- CreateOrganizationWithIndustryTest2 -->
  <testcase classname="com.comcast.crm.ContSuit.Contact" name="createContactWithOrgTest" time="0.0">
    <ignored/>
  </testcase> <!-- createContactWithOrgTest -->
  <testcase classname="com.comcast.crm.OrgSuit.Organization" name="CreateOrganizationTest" time="0.0">
    <ignored/>
  </testcase> <!-- CreateOrganizationTest -->
  <testcase classname="com.comcast.crm.BaseClassUtility.BaseClass" name="@BeforeSuite configBS" time="0.0">
    <ignored/>
  </testcase> <!-- @BeforeSuite configBS -->
  <testcase classname="com.comcast.crm.BaseClassUtility.BaseClass" name="@AfterSuite configAS" time="0.0">
    <ignored/>
  </testcase> <!-- @AfterSuite configAS -->
</testsuite> <!-- Test -->
