<?xml version="1.0" encoding="UTF-8"?>
<!-- Generated by org.testng.reporters.JUnitXMLReporter -->
<testsuite ignored="2" hostname="DESKTOP-U2Q1PT6" failures="0" tests="6" name="TestRunner-Chrome" time="281.602" errors="0" timestamp="2024-08-05T10:28:28 IST">
  <testcase classname="com.comcast.crm.OrgSuit.Organization" name="CreateOrganizationTest" time="40.21"/>
  <testcase classname="com.comcast.crm.OrgSuit.Organization" name="CreateOrganizationWithIndustryTest2" time="29.41"/>
  <testcase classname="com.comcast.crm.OrgSuit.Organization" name="CreateOrganizationWithPhoneNumberTest3" time="27.539"/>
  <testcase classname="com.comcast.crm.ContSuit.Contact" name="CreateContactWithSupportDateTest" time="32.374"/>
  <testcase classname="com.comcast.crm.ContSuit.Contact" name="createContactTest" time="26.81"/>
  <testcase classname="com.comcast.crm.ContSuit.Contact" name="createContactWithOrgTest" time="33.529"/>
  <testcase classname="com.comcast.crm.BaseClassUtility.BaseClass" name="@AfterSuite configAS" time="0.0">
    <ignored/>
  </testcase> <!-- @AfterSuite configAS -->
  <testcase classname="com.comcast.crm.BaseClassUtility.BaseClass" name="@BeforeSuite configBS" time="0.0">
    <ignored/>
  </testcase> <!-- @BeforeSuite configBS -->
</testsuite> <!-- TestRunner-Chrome -->
