<?xml version="1.0" encoding="UTF-8"?>
<testng-results ignored="0" total="3" passed="2" failed="1" skipped="0">
  <reporter-output>
  </reporter-output>
  <suite started-at="2024-08-12T09:32:19 IST" name="Default suite" finished-at="2024-08-12T09:34:00 IST" duration-ms="100809">
    <groups>
      <group name="regressionTest">
        <method signature="Contact.CreateContactWithSupportDateTest()[pri:0, instance:com.comcast.crm.ContSuit.Contact@6771beb3]" name="CreateContactWithSupportDateTest" class="com.comcast.crm.ContSuit.Contact"/>
        <method signature="Contact.createContactWithOrgTest()[pri:0, instance:com.comcast.crm.ContSuit.Contact@6771beb3]" name="createContactWithOrgTest" class="com.comcast.crm.ContSuit.Contact"/>
      </group> <!-- regressionTest -->
      <group name="smokeTest">
        <method signature="Contact.createContactTest()[pri:0, instance:com.comcast.crm.ContSuit.Contact@6771beb3]" name="createContactTest" class="com.comcast.crm.ContSuit.Contact"/>
      </group> <!-- smokeTest -->
    </groups>
    <test started-at="2024-08-12T09:32:19 IST" name="Default test" finished-at="2024-08-12T09:34:00 IST" duration-ms="100809">
      <class name="com.comcast.crm.ContSuit.Contact">
        <test-method is-config="true" signature="configBS()[pri:0, instance:com.comcast.crm.ContSuit.Contact@6771beb3]" started-at="2024-08-12T09:32:18 IST" name="configBS" finished-at="2024-08-12T09:32:19 IST" duration-ms="587" status="PASS">
          <reporter-output>
          </reporter-output>
        </test-method> <!-- configBS -->
        <test-method is-config="true" signature="configBC()[pri:0, instance:com.comcast.crm.ContSuit.Contact@6771beb3]" started-at="2024-08-12T09:32:19 IST" name="configBC" finished-at="2024-08-12T09:32:23 IST" duration-ms="4401" status="PASS">
          <reporter-output>
          </reporter-output>
        </test-method> <!-- configBC -->
        <test-method is-config="true" signature="configBM()[pri:0, instance:com.comcast.crm.ContSuit.Contact@6771beb3]" started-at="2024-08-12T09:32:23 IST" name="configBM" finished-at="2024-08-12T09:32:31 IST" duration-ms="7528" status="PASS">
          <reporter-output>
          </reporter-output>
        </test-method> <!-- configBM -->
        <test-method signature="CreateContactWithSupportDateTest()[pri:0, instance:com.comcast.crm.ContSuit.Contact@6771beb3]" started-at="2024-08-12T09:32:31 IST" name="CreateContactWithSupportDateTest" finished-at="2024-08-12T09:32:54 IST" duration-ms="22917" status="PASS">
          <reporter-output>
          </reporter-output>
        </test-method> <!-- CreateContactWithSupportDateTest -->
        <test-method is-config="true" signature="configAM()[pri:0, instance:com.comcast.crm.ContSuit.Contact@6771beb3]" started-at="2024-08-12T09:32:54 IST" name="configAM" finished-at="2024-08-12T09:32:57 IST" duration-ms="2940" status="PASS">
          <reporter-output>
          </reporter-output>
        </test-method> <!-- configAM -->
        <test-method is-config="true" signature="configBM()[pri:0, instance:com.comcast.crm.ContSuit.Contact@6771beb3]" started-at="2024-08-12T09:32:57 IST" name="configBM" finished-at="2024-08-12T09:33:02 IST" duration-ms="5056" status="PASS">
          <reporter-output>
          </reporter-output>
        </test-method> <!-- configBM -->
        <test-method signature="createContactTest()[pri:0, instance:com.comcast.crm.ContSuit.Contact@6771beb3]" started-at="2024-08-12T09:33:02 IST" name="createContactTest" finished-at="2024-08-12T09:33:19 IST" duration-ms="17540" status="FAIL">
          <exception class="java.lang.AssertionError">
            <message>
              <![CDATA[expected [true] but found [false]]]>
            </message>
            <full-stacktrace>
              <![CDATA[java.lang.AssertionError: expected [true] but found [false]
at org.testng.Assert.fail(Assert.java:111)
at org.testng.Assert.failNotEquals(Assert.java:1578)
at org.testng.Assert.assertEqualsImpl(Assert.java:150)
at org.testng.Assert.assertEquals(Assert.java:132)
at org.testng.Assert.assertEquals(Assert.java:1067)
at org.testng.Assert.assertEquals(Assert.java:1031)
at org.testng.Assert.assertEquals(Assert.java:1077)
at com.comcast.crm.ContSuit.Contact.createContactTest(Contact.java:42)
at java.base/jdk.internal.reflect.DirectMethodHandleAccessor.invoke(DirectMethodHandleAccessor.java:103)
at java.base/java.lang.reflect.Method.invoke(Method.java:580)
at org.testng.internal.invokers.MethodInvocationHelper.invokeMethod(MethodInvocationHelper.java:139)
at org.testng.internal.invokers.TestInvoker.invokeMethod(TestInvoker.java:664)
at org.testng.internal.invokers.TestInvoker.invokeTestMethod(TestInvoker.java:227)
at org.testng.internal.invokers.MethodRunner.runInSequence(MethodRunner.java:50)
at org.testng.internal.invokers.TestInvoker$MethodInvocationAgent.invoke(TestInvoker.java:957)
at org.testng.internal.invokers.TestInvoker.invokeTestMethods(TestInvoker.java:200)
at org.testng.internal.invokers.TestMethodWorker.invokeTestMethods(TestMethodWorker.java:148)
at org.testng.internal.invokers.TestMethodWorker.run(TestMethodWorker.java:128)
at java.base/java.util.ArrayList.forEach(ArrayList.java:1596)
at org.testng.TestRunner.privateRun(TestRunner.java:848)
at org.testng.TestRunner.run(TestRunner.java:621)
at org.testng.SuiteRunner.runTest(SuiteRunner.java:443)
at org.testng.SuiteRunner.runSequentially(SuiteRunner.java:437)
at org.testng.SuiteRunner.privateRun(SuiteRunner.java:397)
at org.testng.SuiteRunner.run(SuiteRunner.java:336)
at org.testng.SuiteRunnerWorker.runSuite(SuiteRunnerWorker.java:52)
at org.testng.SuiteRunnerWorker.run(SuiteRunnerWorker.java:95)
at org.testng.TestNG.runSuitesSequentially(TestNG.java:1280)
at org.testng.TestNG.runSuitesLocally(TestNG.java:1200)
at org.testng.TestNG.runSuites(TestNG.java:1114)
at org.testng.TestNG.run(TestNG.java:1082)
at org.testng.remote.AbstractRemoteTestNG.run(AbstractRemoteTestNG.java:115)
at org.testng.remote.RemoteTestNG.initAndRun(RemoteTestNG.java:251)
at org.testng.remote.RemoteTestNG.main(RemoteTestNG.java:77)
]]>
            </full-stacktrace>
          </exception> <!-- java.lang.AssertionError -->
          <reporter-output>
          </reporter-output>
        </test-method> <!-- createContactTest -->
        <test-method is-config="true" signature="configAM()[pri:0, instance:com.comcast.crm.ContSuit.Contact@6771beb3]" started-at="2024-08-12T09:33:19 IST" name="configAM" finished-at="2024-08-12T09:33:22 IST" duration-ms="2839" status="PASS">
          <reporter-output>
          </reporter-output>
        </test-method> <!-- configAM -->
        <test-method is-config="true" signature="configBM()[pri:0, instance:com.comcast.crm.ContSuit.Contact@6771beb3]" started-at="2024-08-12T09:33:22 IST" name="configBM" finished-at="2024-08-12T09:33:28 IST" duration-ms="5511" status="PASS">
          <reporter-output>
          </reporter-output>
        </test-method> <!-- configBM -->
        <test-method signature="createContactWithOrgTest()[pri:0, instance:com.comcast.crm.ContSuit.Contact@6771beb3]" started-at="2024-08-12T09:33:28 IST" name="createContactWithOrgTest" finished-at="2024-08-12T09:33:57 IST" duration-ms="29049" status="PASS">
          <reporter-output>
          </reporter-output>
        </test-method> <!-- createContactWithOrgTest -->
        <test-method is-config="true" signature="configAM()[pri:0, instance:com.comcast.crm.ContSuit.Contact@6771beb3]" started-at="2024-08-12T09:33:57 IST" name="configAM" finished-at="2024-08-12T09:33:59 IST" duration-ms="2403" status="PASS">
          <reporter-output>
          </reporter-output>
        </test-method> <!-- configAM -->
        <test-method is-config="true" signature="configFC()[pri:0, instance:com.comcast.crm.ContSuit.Contact@6771beb3]" started-at="2024-08-12T09:33:59 IST" name="configFC" finished-at="2024-08-12T09:34:00 IST" duration-ms="499" status="PASS">
          <reporter-output>
          </reporter-output>
        </test-method> <!-- configFC -->
        <test-method is-config="true" signature="configAS()[pri:0, instance:com.comcast.crm.ContSuit.Contact@6771beb3]" started-at="2024-08-12T09:34:00 IST" name="configAS" finished-at="2024-08-12T09:34:00 IST" duration-ms="1" status="PASS">
          <reporter-output>
          </reporter-output>
        </test-method> <!-- configAS -->
      </class> <!-- com.comcast.crm.ContSuit.Contact -->
    </test> <!-- Default test -->
  </suite> <!-- Default suite -->
</testng-results>
